Performing C SOURCE FILE Test CMAKE_HAVE_LIBC_PTHREAD failed with the following output:
Change Dir: /home/romamart/CLionProjects/Task_9/CMakeFiles/CMakeTmp

Run Build Command(s):/usr/bin/make cmTC_37b4a/fast && /usr/bin/make -f CMakeFiles/cmTC_37b4a.dir/build.make CMakeFiles/cmTC_37b4a.dir/build
make[1]: вход в каталог «/home/romamart/CLionProjects/Task_9/CMakeFiles/CMakeTmp»
Building C object CMakeFiles/cmTC_37b4a.dir/src.c.o
/usr/bin/cc   -DCMAKE_HAVE_LIBC_PTHREAD   -o CMakeFiles/cmTC_37b4a.dir/src.c.o   -c /home/romamart/CLionProjects/Task_9/CMakeFiles/CMakeTmp/src.c
Linking C executable cmTC_37b4a
/home/romamart/.local/share/JetBrains/Toolbox/apps/CLion/ch-0/193.5662.56/bin/cmake/linux/bin/cmake -E cmake_link_script CMakeFiles/cmTC_37b4a.dir/link.txt --verbose=1
/usr/bin/cc  -DCMAKE_HAVE_LIBC_PTHREAD    CMakeFiles/cmTC_37b4a.dir/src.c.o  -o cmTC_37b4a 
CMakeFiles/cmTC_37b4a.dir/src.c.o: In function `main':
src.c:(.text+0x3e): undefined reference to `pthread_create'
src.c:(.text+0x4a): undefined reference to `pthread_detach'
src.c:(.text+0x5b): undefined reference to `pthread_join'
src.c:(.text+0x6f): undefined reference to `pthread_atfork'
collect2: error: ld returned 1 exit status
CMakeFiles/cmTC_37b4a.dir/build.make:86: recipe for target 'cmTC_37b4a' failed
make[1]: *** [cmTC_37b4a] Error 1
make[1]: выход из каталога «/home/romamart/CLionProjects/Task_9/CMakeFiles/CMakeTmp»
Makefile:121: recipe for target 'cmTC_37b4a/fast' failed
make: *** [cmTC_37b4a/fast] Error 2


Source file was:
#include <pthread.h>

void* test_func(void* data)
{
  return data;
}

int main(void)
{
  pthread_t thread;
  pthread_create(&thread, NULL, test_func, NULL);
  pthread_detach(thread);
  pthread_join(thread, NULL);
  pthread_atfork(NULL, NULL, NULL);
  pthread_exit(NULL);

  return 0;
}

Determining if the function pthread_create exists in the pthreads failed with the following output:
Change Dir: /home/romamart/CLionProjects/Task_9/CMakeFiles/CMakeTmp

Run Build Command(s):/usr/bin/make cmTC_82e51/fast && /usr/bin/make -f CMakeFiles/cmTC_82e51.dir/build.make CMakeFiles/cmTC_82e51.dir/build
make[1]: вход в каталог «/home/romamart/CLionProjects/Task_9/CMakeFiles/CMakeTmp»
Building C object CMakeFiles/cmTC_82e51.dir/CheckFunctionExists.c.o
/usr/bin/cc   -DCHECK_FUNCTION_EXISTS=pthread_create   -o CMakeFiles/cmTC_82e51.dir/CheckFunctionExists.c.o   -c /home/romamart/.local/share/JetBrains/Toolbox/apps/CLion/ch-0/193.5662.56/bin/cmake/linux/share/cmake-3.15/Modules/CheckFunctionExists.c
Linking C executable cmTC_82e51
/home/romamart/.local/share/JetBrains/Toolbox/apps/CLion/ch-0/193.5662.56/bin/cmake/linux/bin/cmake -E cmake_link_script CMakeFiles/cmTC_82e51.dir/link.txt --verbose=1
/usr/bin/cc  -DCHECK_FUNCTION_EXISTS=pthread_create    CMakeFiles/cmTC_82e51.dir/CheckFunctionExists.c.o  -o cmTC_82e51 -lpthreads 
/usr/bin/ld: cannot find -lpthreads
collect2: error: ld returned 1 exit status
CMakeFiles/cmTC_82e51.dir/build.make:86: recipe for target 'cmTC_82e51' failed
make[1]: *** [cmTC_82e51] Error 1
make[1]: выход из каталога «/home/romamart/CLionProjects/Task_9/CMakeFiles/CMakeTmp»
Makefile:121: recipe for target 'cmTC_82e51/fast' failed
make: *** [cmTC_82e51/fast] Error 2



Determining if the pthread_create exist failed with the following output:
Change Dir: /home/romamart/CLionProjects/Task_9/CMakeFiles/CMakeTmp

Run Build Command:"/usr/bin/make" "cmTC_011ce/fast"
/usr/bin/make -f CMakeFiles/cmTC_011ce.dir/build.make CMakeFiles/cmTC_011ce.dir/build
make[1]: вход в каталог «/home/romamart/CLionProjects/Task_9/CMakeFiles/CMakeTmp»
Building C object CMakeFiles/cmTC_011ce.dir/CheckSymbolExists.c.o
/usr/bin/cc    -o CMakeFiles/cmTC_011ce.dir/CheckSymbolExists.c.o   -c /home/romamart/CLionProjects/Task_9/CMakeFiles/CMakeTmp/CheckSymbolExists.c
Linking C executable cmTC_011ce
/usr/bin/cmake -E cmake_link_script CMakeFiles/cmTC_011ce.dir/link.txt --verbose=1
/usr/bin/cc      CMakeFiles/cmTC_011ce.dir/CheckSymbolExists.c.o  -o cmTC_011ce 
CMakeFiles/cmTC_011ce.dir/CheckSymbolExists.c.o: In function `main':
CheckSymbolExists.c:(.text+0x1b): undefined reference to `pthread_create'
collect2: error: ld returned 1 exit status
CMakeFiles/cmTC_011ce.dir/build.make:97: recipe for target 'cmTC_011ce' failed
make[1]: *** [cmTC_011ce] Error 1
make[1]: выход из каталога «/home/romamart/CLionProjects/Task_9/CMakeFiles/CMakeTmp»
Makefile:126: recipe for target 'cmTC_011ce/fast' failed
make: *** [cmTC_011ce/fast] Error 2

File /home/romamart/CLionProjects/Task_9/CMakeFiles/CMakeTmp/CheckSymbolExists.c:
/* */
#include <pthread.h>

int main(int argc, char** argv)
{
  (void)argv;
#ifndef pthread_create
  return ((int*)(&pthread_create))[argc];
#else
  (void)argc;
  return 0;
#endif
}

