Performing C SOURCE FILE Test CMAKE_HAVE_LIBC_PTHREAD failed with the following output:
Change Dir: /home/romamart/system-programming/Task_9/cmake-build-debug/CMakeFiles/CMakeTmp

Run Build Command(s):/usr/bin/make cmTC_6063e/fast && /usr/bin/make -f CMakeFiles/cmTC_6063e.dir/build.make CMakeFiles/cmTC_6063e.dir/build
make[1]: вход в каталог «/home/romamart/system-programming/Task_9/cmake-build-debug/CMakeFiles/CMakeTmp»
Building C object CMakeFiles/cmTC_6063e.dir/src.c.o
/usr/bin/cc   -DCMAKE_HAVE_LIBC_PTHREAD   -o CMakeFiles/cmTC_6063e.dir/src.c.o   -c /home/romamart/system-programming/Task_9/cmake-build-debug/CMakeFiles/CMakeTmp/src.c
Linking C executable cmTC_6063e
/home/romamart/.local/share/JetBrains/Toolbox/apps/CLion/ch-0/193.5662.56/bin/cmake/linux/bin/cmake -E cmake_link_script CMakeFiles/cmTC_6063e.dir/link.txt --verbose=1
/usr/bin/cc  -DCMAKE_HAVE_LIBC_PTHREAD    CMakeFiles/cmTC_6063e.dir/src.c.o  -o cmTC_6063e 
CMakeFiles/cmTC_6063e.dir/src.c.o: In function `main':
src.c:(.text+0x3e): undefined reference to `pthread_create'
src.c:(.text+0x4a): undefined reference to `pthread_detach'
src.c:(.text+0x5b): undefined reference to `pthread_join'
src.c:(.text+0x6f): undefined reference to `pthread_atfork'
collect2: error: ld returned 1 exit status
CMakeFiles/cmTC_6063e.dir/build.make:86: recipe for target 'cmTC_6063e' failed
make[1]: *** [cmTC_6063e] Error 1
make[1]: выход из каталога «/home/romamart/system-programming/Task_9/cmake-build-debug/CMakeFiles/CMakeTmp»
Makefile:121: recipe for target 'cmTC_6063e/fast' failed
make: *** [cmTC_6063e/fast] Error 2


Source file was:
#include <pthread.h>

void* test_func(void* data)
{
  return data;
}

int main(void)
{
  pthread_t thread;
  pthread_create(&thread, NULL, test_func, NULL);
  pthread_detach(thread);
  pthread_join(thread, NULL);
  pthread_atfork(NULL, NULL, NULL);
  pthread_exit(NULL);

  return 0;
}

Determining if the function pthread_create exists in the pthreads failed with the following output:
Change Dir: /home/romamart/system-programming/Task_9/cmake-build-debug/CMakeFiles/CMakeTmp

Run Build Command(s):/usr/bin/make cmTC_bec95/fast && /usr/bin/make -f CMakeFiles/cmTC_bec95.dir/build.make CMakeFiles/cmTC_bec95.dir/build
make[1]: вход в каталог «/home/romamart/system-programming/Task_9/cmake-build-debug/CMakeFiles/CMakeTmp»
Building C object CMakeFiles/cmTC_bec95.dir/CheckFunctionExists.c.o
/usr/bin/cc   -DCHECK_FUNCTION_EXISTS=pthread_create   -o CMakeFiles/cmTC_bec95.dir/CheckFunctionExists.c.o   -c /home/romamart/.local/share/JetBrains/Toolbox/apps/CLion/ch-0/193.5662.56/bin/cmake/linux/share/cmake-3.15/Modules/CheckFunctionExists.c
Linking C executable cmTC_bec95
/home/romamart/.local/share/JetBrains/Toolbox/apps/CLion/ch-0/193.5662.56/bin/cmake/linux/bin/cmake -E cmake_link_script CMakeFiles/cmTC_bec95.dir/link.txt --verbose=1
/usr/bin/cc  -DCHECK_FUNCTION_EXISTS=pthread_create    CMakeFiles/cmTC_bec95.dir/CheckFunctionExists.c.o  -o cmTC_bec95 -lpthreads 
/usr/bin/ld: cannot find -lpthreads
collect2: error: ld returned 1 exit status
CMakeFiles/cmTC_bec95.dir/build.make:86: recipe for target 'cmTC_bec95' failed
make[1]: *** [cmTC_bec95] Error 1
make[1]: выход из каталога «/home/romamart/system-programming/Task_9/cmake-build-debug/CMakeFiles/CMakeTmp»
Makefile:121: recipe for target 'cmTC_bec95/fast' failed
make: *** [cmTC_bec95/fast] Error 2



